  Source.cpp
c:\users\nick\documents\github\algorthmsproject3\algorithmsproject3\source.cpp(23): warning C4018: '<': signed/unsigned mismatch
c:\program files (x86)\microsoft visual studio 14.0\vc\include\tuple(164): warning C4244: 'initializing': conversion from 'int' to 'float', possible loss of data
  c:\program files (x86)\microsoft visual studio 14.0\vc\include\tuple(341): note: see reference to function template instantiation 'std::_Tuple_val<_This>::_Tuple_val<_Ty>(_Other &&)' being compiled
          with
          [
              _This=float,
              _Ty=int,
              _Other=int
          ]
  c:\program files (x86)\microsoft visual studio 14.0\vc\include\tuple(340): note: see reference to function template instantiation 'std::_Tuple_val<_This>::_Tuple_val<_Ty>(_Other &&)' being compiled
          with
          [
              _This=float,
              _Ty=int,
              _Other=int
          ]
  c:\program files (x86)\microsoft visual studio 14.0\vc\include\tuple(520): note: see reference to function template instantiation 'std::tuple<float>::tuple<std::_Unpack_tuple_t,int,0>(_Tag,std::tuple<int> &&)' being compiled
          with
          [
              _Tag=std::_Unpack_tuple_t
          ]
  c:\program files (x86)\microsoft visual studio 14.0\vc\include\tuple(518): note: see reference to function template instantiation 'std::tuple<float>::tuple<std::_Unpack_tuple_t,int,0>(_Tag,std::tuple<int> &&)' being compiled
          with
          [
              _Tag=std::_Unpack_tuple_t
          ]
  c:\users\nick\documents\github\algorthmsproject3\algorithmsproject3\source.cpp(54): note: see reference to function template instantiation 'std::tuple<std::string,float>::tuple<const char*,int,0,0>(std::tuple<const char *,int> &&)' being compiled
  c:\users\nick\documents\github\algorthmsproject3\algorithmsproject3\source.cpp(54): note: see reference to function template instantiation 'std::tuple<std::string,float>::tuple<const char*,int,0,0>(std::tuple<const char *,int> &&)' being compiled
  AlgorithmsProject3.vcxproj -> C:\Users\Nick\Documents\GitHub\AlgorthmsProject3\Debug\AlgorithmsProject3.exe
  AlgorithmsProject3.vcxproj -> C:\Users\Nick\Documents\GitHub\AlgorthmsProject3\Debug\AlgorithmsProject3.pdb (Full PDB)
